<?xml version="1.0" encoding="UTF-8"?>
<!-- Generated by org.testng.reporters.JUnitReportReporter -->
<testsuite hostname="MDC2B-L-HM2PHG3" failures="0" tests="1" name="TC.TC07" time="10.241" errors="0" timestamp="2024-03-29T16:10:47 IST" skipped="0">
  <testcase classname="TC.TC07" name="f" time="10.241"/>
</testsuite> <!-- TC.TC07 -->
