<?xml version="1.0" encoding="UTF-8"?>
<!-- Generated by org.testng.reporters.JUnitReportReporter -->
<testsuite hostname="MDC2B-L-HM2PHG3" failures="0" tests="1" name="TC.TC02" time="18.743" errors="0" timestamp="2024-03-16T01:04:18 IST" skipped="0">
  <testcase classname="TC.TC02" name="login" time="18.743"/>
</testsuite> <!-- TC.TC02 -->
