<?xml version="1.0" encoding="UTF-8"?>
<!-- Generated by org.testng.reporters.JUnitReportReporter -->
<testsuite hostname="MDC2B-L-HM2PHG3" failures="0" tests="1" name="TC.TC06" time="25.489" errors="0" timestamp="2024-03-27T00:33:57 IST" skipped="0">
  <testcase classname="TC.TC06" name="loginTest" time="25.489"/>
</testsuite> <!-- TC.TC06 -->
