<?xml version="1.0" encoding="UTF-8"?>
<!-- Generated by org.testng.reporters.JUnitReportReporter -->
<testsuite hostname="MDC2B-L-HM2PHG3" failures="0" tests="1" name="com.orangehrm.WebTables" time="1.889" errors="0" timestamp="2024-03-24T00:27:20 IST" skipped="0">
  <testcase classname="com.orangehrm.WebTables" name="f" time="1.889"/>
</testsuite> <!-- com.orangehrm.WebTables -->
