<?xml version="1.0" encoding="UTF-8"?>
<!-- Generated by org.testng.reporters.JUnitReportReporter -->
<testsuite hostname="MDC2B-L-HM2PHG3" failures="0" tests="1" name="TC.TC01" time="27.064" errors="0" timestamp="2024-03-16T01:36:12 IST" skipped="0">
  <testcase classname="TC.TC01" name="login" time="27.064"/>
</testsuite> <!-- TC.TC01 -->
